<?xml version="1.0" encoding="UTF-8"?>
<!-- Generated by org.testng.reporters.JUnitReportReporter -->
<testsuite hostname="KIRAN-PTPL026" failures="0" tests="1" name="com.pype.closeout.testsuite.test.IVT_CompanyUserTest" time="21.675" errors="0" timestamp="5 Dec 2018 11:26:16 GMT">
  <testcase classname="com.pype.closeout.testsuite.test.IVT_CompanyUserTest" name="CompanyUserTabs" time="21.675"/>
</testsuite> <!-- com.pype.closeout.testsuite.test.IVT_CompanyUserTest -->
