<?xml version="1.0" encoding="UTF-8"?>
<!-- Generated by org.testng.reporters.JUnitReportReporter -->
<testsuite hostname="KIRAN-PTPL026" failures="0" tests="1" name="com.pype.closeout.testsuite.test.TempmailRegistrationTest" time="19.600" errors="0" timestamp="3 Dec 2018 09:03:28 GMT">
  <testcase classname="com.pype.closeout.testsuite.test.TempmailRegistrationTest" name="tempmail" time="19.600"/>
</testsuite> <!-- com.pype.closeout.testsuite.test.TempmailRegistrationTest -->
