<?xml version="1.0" encoding="UTF-8"?>
<!-- Generated by org.testng.reporters.JUnitReportReporter -->
<testsuite hostname="KIRAN-PTPL026" failures="0" tests="1" name="com.pype.closeout.testsuite.test.IVTGeneralContractorTest" time="13.862" errors="0" timestamp="22 Nov 2018 13:33:06 GMT">
  <testcase classname="com.pype.closeout.testsuite.test.IVTGeneralContractorTest" name="GCTabs" time="13.862"/>
</testsuite> <!-- com.pype.closeout.testsuite.test.IVTGeneralContractorTest -->
