<?xml version="1.0" encoding="UTF-8"?>
<!-- Generated by org.testng.reporters.JUnitReportReporter -->
<testsuite hostname="KIRAN-PTPL026" failures="0" tests="1" name="com.pype.closeout.testsuite.test.ProjectPageTest" time="61.780" errors="0" timestamp="25 Nov 2018 11:38:39 GMT">
  <testcase classname="com.pype.closeout.testsuite.test.ProjectPageTest" name="CreateProject" time="61.780"/>
</testsuite> <!-- com.pype.closeout.testsuite.test.ProjectPageTest -->
