<?xml version="1.0" encoding="UTF-8"?>
<!-- Generated by org.testng.reporters.JUnitReportReporter -->
<testsuite hostname="KIRAN-PTPL026" failures="0" tests="1" name="com.pype.closeout.testsuite.test.LoginPageTest" time="10.446" errors="0" timestamp="28 Nov 2018 15:15:08 GMT">
  <testcase classname="com.pype.closeout.testsuite.test.LoginPageTest" name="login" time="10.446"/>
</testsuite> <!-- com.pype.closeout.testsuite.test.LoginPageTest -->
