<?xml version="1.0" encoding="UTF-8"?>
<!-- Generated by org.testng.reporters.JUnitReportReporter -->
<testsuite hostname="KIRAN-PTPL026" failures="0" tests="1" name="com.pype.closeout.testsuite.test.TempmailRegistrationTest$LoginPageTest" time="7.112" errors="0" timestamp="14 Nov 2018 13:05:17 GMT">
  <testcase classname="com.pype.closeout.testsuite.test.TempmailRegistrationTest$LoginPageTest" name="tempmail" time="7.112"/>
</testsuite> <!-- com.pype.closeout.testsuite.test.TempmailRegistrationTest$LoginPageTest -->
