<?xml version="1.0" encoding="UTF-8"?>
<!-- Generated by org.testng.reporters.JUnitReportReporter -->
<testsuite hostname="KIRAN-PTPL026" failures="0" tests="1" name="com.pype.closeout.testsuite.test.RegistrationPageTest" time="17.266" errors="0" timestamp="17 Nov 2018 06:35:07 GMT">
  <testcase classname="com.pype.closeout.testsuite.test.RegistrationPageTest" name="Register" time="17.266"/>
</testsuite> <!-- com.pype.closeout.testsuite.test.RegistrationPageTest -->
