<?xml version="1.0" encoding="UTF-8"?>
<!-- Generated by org.testng.reporters.JUnitReportReporter -->
<testsuite hostname="KIRAN-PTPL026" failures="0" tests="1" name="com.pype.closeout.testsuite.test.LoginPageTest" time="10.858" errors="0" timestamp="27 Nov 2018 14:05:38 GMT">
  <testcase classname="com.pype.closeout.testsuite.test.LoginPageTest" name="login" time="10.858"/>
</testsuite> <!-- com.pype.closeout.testsuite.test.LoginPageTest -->
