<?xml version="1.0" encoding="UTF-8"?>
<!-- Generated by org.testng.reporters.JUnitReportReporter -->
<testsuite hostname="KIRAN-PTPL026" failures="0" tests="1" name="com.pype.closeout.testsuite.test.ForgotPasswordTest" time="9.478" errors="0" timestamp="19 Nov 2018 12:47:19 GMT">
  <testcase classname="com.pype.closeout.testsuite.test.ForgotPasswordTest" name="forgotpassword" time="9.478"/>
</testsuite> <!-- com.pype.closeout.testsuite.test.ForgotPasswordTest -->
