<?xml version="1.0" encoding="UTF-8"?>
<!-- Generated by org.testng.reporters.JUnitReportReporter -->
<testsuite hostname="KIRAN-PTPL026" failures="0" tests="1" name="com.pype.closeout.testsuite.test.IVTTesting" time="19.499" errors="0" timestamp="19 Nov 2018 14:12:01 GMT">
  <testcase classname="com.pype.closeout.testsuite.test.IVTTesting" name="TestLoading" time="19.499"/>
</testsuite> <!-- com.pype.closeout.testsuite.test.IVTTesting -->
